converting the whole genome
1540 regions to parse
using 2 parallel processes
writing output to stdout
converted 0 bam entries in chrX_fixedBionanoSV_centromereV4_racon_patch139_arrow_arrow:1-100000
[W::sam_read1] Parse error at line 506
samtools sort: truncated file. Aborting
converted 16 bam entries in chrX_fixedBionanoSV_centromereV4_racon_patch139_arrow_arrow:100001-200000
converted 26 bam entries in chrX_fixedBionanoSV_centromereV4_racon_patch139_arrow_arrow:200001-300000
converted 24 bam entries in chrX_fixedBionanoSV_centromereV4_racon_patch139_arrow_arrow:300001-400000
converted 21 bam entries in chrX_fixedBionanoSV_centromereV4_racon_patch139_arrow_arrow:400001-500000
converted 30 bam entries in chrX_fixedBionanoSV_centromereV4_racon_patch139_arrow_arrow:500001-600000
converted 40 bam entries in chrX_fixedBionanoSV_centromereV4_racon_patch139_arrow_arrow:600001-700000
converted 38 bam entries in chrX_fixedBionanoSV_centromereV4_racon_patch139_arrow_arrow:700001-800000
converted 29 bam entries in chrX_fixedBionanoSV_centromereV4_racon_patch139_arrow_arrow:800001-900000
converted 29 bam entries in chrX_fixedBionanoSV_centromereV4_racon_patch139_arrow_arrow:900001-1000000
converted 26 bam entries in chrX_fixedBionanoSV_centromereV4_racon_patch139_arrow_arrow:1000001-1100000
converted 20 bam entries in chrX_fixedBionanoSV_centromereV4_racon_patch139_arrow_arrow:1100001-1200000
converted 24 bam entries in chrX_fixedBionanoSV_centromereV4_racon_patch139_arrow_arrow:1200001-1300000
converted 26 bam entries in chrX_fixedBionanoSV_centromereV4_racon_patch139_arrow_arrow:1300001-1400000
converted 19 bam entries in chrX_fixedBionanoSV_centromereV4_racon_patch139_arrow_arrow:1400001-1500000
converted 24 bam entries in chrX_fixedBionanoSV_centromereV4_racon_patch139_arrow_arrow:1500001-1600000
converted 30 bam entries in chrX_fixedBionanoSV_centromereV4_racon_patch139_arrow_arrow:1600001-1700000
converted 29 bam entries in chrX_fixedBionanoSV_centromereV4_racon_patch139_arrow_arrow:1700001-1800000
converted 29 bam entries in chrX_fixedBionanoSV_centromereV4_racon_patch139_arrow_arrow:1800001-1900000
converted 33 bam entries in chrX_fixedBionanoSV_centromereV4_racon_patch139_arrow_arrow:1900001-2000000
converted 35 bam entries in chrX_fixedBionanoSV_centromereV4_racon_patch139_arrow_arrow:2000001-2100000
converted 34 bam entries in chrX_fixedBionanoSV_centromereV4_racon_patch139_arrow_arrow:2100001-2200000
converted 34 bam entries in chrX_fixedBionanoSV_centromereV4_racon_patch139_arrow_arrow:2200001-2300000
converted 27 bam entries in chrX_fixedBionanoSV_centromereV4_racon_patch139_arrow_arrow:2300001-2400000
converted 26 bam entries in chrX_fixedBionanoSV_centromereV4_racon_patch139_arrow_arrow:2400001-2500000
converted 42 bam entries in chrX_fixedBionanoSV_centromereV4_racon_patch139_arrow_arrow:2500001-2600000
converted 40 bam entries in chrX_fixedBionanoSV_centromereV4_racon_patch139_arrow_arrow:2600001-2700000
converted 29 bam entries in chrX_fixedBionanoSV_centromereV4_racon_patch139_arrow_arrow:2700001-2800000
converted 18 bam entries in chrX_fixedBionanoSV_centromereV4_racon_patch139_arrow_arrow:2800001-2900000
converted 20 bam entries in chrX_fixedBionanoSV_centromereV4_racon_patch139_arrow_arrow:2900001-3000000
converted 25 bam entries in chrX_fixedBionanoSV_centromereV4_racon_patch139_arrow_arrow:3000001-3100000
converted 26 bam entries in chrX_fixedBionanoSV_centromereV4_racon_patch139_arrow_arrow:3100001-3200000
converted 37 bam entries in chrX_fixedBionanoSV_centromereV4_racon_patch139_arrow_arrow:3200001-3300000
converted 38 bam entries in chrX_fixedBionanoSV_centromereV4_racon_patch139_arrow_arrow:3300001-3400000
converted 32 bam entries in chrX_fixedBionanoSV_centromereV4_racon_patch139_arrow_arrow:3400001-3500000
converted 31 bam entries in chrX_fixedBionanoSV_centromereV4_racon_patch139_arrow_arrow:3500001-3600000
converted 37 bam entries in chrX_fixedBionanoSV_centromereV4_racon_patch139_arrow_arrow:3600001-3700000
converted 34 bam entries in chrX_fixedBionanoSV_centromereV4_racon_patch139_arrow_arrow:3700001-3800000
converted 37 bam entries in chrX_fixedBionanoSV_centromereV4_racon_patch139_arrow_arrow:3800001-3900000
converted 33 bam entries in chrX_fixedBionanoSV_centromereV4_racon_patch139_arrow_arrow:3900001-4000000
converted 31 bam entries in chrX_fixedBionanoSV_centromereV4_racon_patch139_arrow_arrow:4000001-4100000
converted 29 bam entries in chrX_fixedBionanoSV_centromereV4_racon_patch139_arrow_arrow:4100001-4200000
converted 36 bam entries in chrX_fixedBionanoSV_centromereV4_racon_patch139_arrow_arrow:4200001-4300000
converted 32 bam entries in chrX_fixedBionanoSV_centromereV4_racon_patch139_arrow_arrow:4300001-4400000
converted 34 bam entries in chrX_fixedBionanoSV_centromereV4_racon_patch139_arrow_arrow:4400001-4500000
converted 28 bam entries in chrX_fixedBionanoSV_centromereV4_racon_patch139_arrow_arrow:4500001-4600000
converted 38 bam entries in chrX_fixedBionanoSV_centromereV4_racon_patch139_arrow_arrow:4600001-4700000
converted 39 bam entries in chrX_fixedBionanoSV_centromereV4_racon_patch139_arrow_arrow:4700001-4800000
converted 32 bam entries in chrX_fixedBionanoSV_centromereV4_racon_patch139_arrow_arrow:4800001-4900000
converted 33 bam entries in chrX_fixedBionanoSV_centromereV4_racon_patch139_arrow_arrow:4900001-5000000
converted 30 bam entries in chrX_fixedBionanoSV_centromereV4_racon_patch139_arrow_arrow:5000001-5100000
converted 24 bam entries in chrX_fixedBionanoSV_centromereV4_racon_patch139_arrow_arrow:5100001-5200000
converted 37 bam entries in chrX_fixedBionanoSV_centromereV4_racon_patch139_arrow_arrow:5200001-5300000
converted 39 bam entries in chrX_fixedBionanoSV_centromereV4_racon_patch139_arrow_arrow:5300001-5400000
converted 39 bam entries in chrX_fixedBionanoSV_centromereV4_racon_patch139_arrow_arrow:5400001-5500000
converted 36 bam entries in chrX_fixedBionanoSV_centromereV4_racon_patch139_arrow_arrow:5500001-5600000
converted 35 bam entries in chrX_fixedBionanoSV_centromereV4_racon_patch139_arrow_arrow:5600001-5700000
converted 41 bam entries in chrX_fixedBionanoSV_centromereV4_racon_patch139_arrow_arrow:5700001-5800000
converted 32 bam entries in chrX_fixedBionanoSV_centromereV4_racon_patch139_arrow_arrow:5800001-5900000
converted 29 bam entries in chrX_fixedBionanoSV_centromereV4_racon_patch139_arrow_arrow:5900001-6000000
converted 34 bam entries in chrX_fixedBionanoSV_centromereV4_racon_patch139_arrow_arrow:6000001-6100000
converted 25 bam entries in chrX_fixedBionanoSV_centromereV4_racon_patch139_arrow_arrow:6100001-6200000
converted 28 bam entries in chrX_fixedBionanoSV_centromereV4_racon_patch139_arrow_arrow:6200001-6300000
converted 39 bam entries in chrX_fixedBionanoSV_centromereV4_racon_patch139_arrow_arrow:6300001-6400000
converted 32 bam entries in chrX_fixedBionanoSV_centromereV4_racon_patch139_arrow_arrow:6400001-6500000
converted 28 bam entries in chrX_fixedBionanoSV_centromereV4_racon_patch139_arrow_arrow:6500001-6600000
converted 37 bam entries in chrX_fixedBionanoSV_centromereV4_racon_patch139_arrow_arrow:6600001-6700000
converted 44 bam entries in chrX_fixedBionanoSV_centromereV4_racon_patch139_arrow_arrow:6700001-6800000
converted 53 bam entries in chrX_fixedBionanoSV_centromereV4_racon_patch139_arrow_arrow:6800001-6900000
converted 37 bam entries in chrX_fixedBionanoSV_centromereV4_racon_patch139_arrow_arrow:6900001-7000000
converted 41 bam entries in chrX_fixedBionanoSV_centromereV4_racon_patch139_arrow_arrow:7000001-7100000
converted 43 bam entries in chrX_fixedBionanoSV_centromereV4_racon_patch139_arrow_arrow:7100001-7200000
converted 38 bam entries in chrX_fixedBionanoSV_centromereV4_racon_patch139_arrow_arrow:7200001-7300000
converted 33 bam entries in chrX_fixedBionanoSV_centromereV4_racon_patch139_arrow_arrow:7300001-7400000
converted 25 bam entries in chrX_fixedBionanoSV_centromereV4_racon_patch139_arrow_arrow:7400001-7500000
converted 29 bam entries in chrX_fixedBionanoSV_centromereV4_racon_patch139_arrow_arrow:7500001-7600000
converted 26 bam entries in chrX_fixedBionanoSV_centromereV4_racon_patch139_arrow_arrow:7600001-7700000
converted 29 bam entries in chrX_fixedBionanoSV_centromereV4_racon_patch139_arrow_arrow:7700001-7800000
converted 24 bam entries in chrX_fixedBionanoSV_centromereV4_racon_patch139_arrow_arrow:7800001-7900000
converted 24 bam entries in chrX_fixedBionanoSV_centromereV4_racon_patch139_arrow_arrow:7900001-8000000
converted 36 bam entries in chrX_fixedBionanoSV_centromereV4_racon_patch139_arrow_arrow:8000001-8100000
converted 37 bam entries in chrX_fixedBionanoSV_centromereV4_racon_patch139_arrow_arrow:8100001-8200000
converted 33 bam entries in chrX_fixedBionanoSV_centromereV4_racon_patch139_arrow_arrow:8200001-8300000
converted 36 bam entries in chrX_fixedBionanoSV_centromereV4_racon_patch139_arrow_arrow:8300001-8400000
converted 25 bam entries in chrX_fixedBionanoSV_centromereV4_racon_patch139_arrow_arrow:8400001-8500000
converted 33 bam entries in chrX_fixedBionanoSV_centromereV4_racon_patch139_arrow_arrow:8500001-8600000
converted 29 bam entries in chrX_fixedBionanoSV_centromereV4_racon_patch139_arrow_arrow:8600001-8700000
converted 33 bam entries in chrX_fixedBionanoSV_centromereV4_racon_patch139_arrow_arrow:8700001-8800000
converted 39 bam entries in chrX_fixedBionanoSV_centromereV4_racon_patch139_arrow_arrow:8800001-8900000
converted 33 bam entries in chrX_fixedBionanoSV_centromereV4_racon_patch139_arrow_arrow:8900001-9000000
converted 35 bam entries in chrX_fixedBionanoSV_centromereV4_racon_patch139_arrow_arrow:9000001-9100000
converted 38 bam entries in chrX_fixedBionanoSV_centromereV4_racon_patch139_arrow_arrow:9100001-9200000
converted 33 bam entries in chrX_fixedBionanoSV_centromereV4_racon_patch139_arrow_arrow:9200001-9300000
converted 26 bam entries in chrX_fixedBionanoSV_centromereV4_racon_patch139_arrow_arrow:9300001-9400000
converted 20 bam entries in chrX_fixedBionanoSV_centromereV4_racon_patch139_arrow_arrow:9400001-9500000
converted 22 bam entries in chrX_fixedBionanoSV_centromereV4_racon_patch139_arrow_arrow:9500001-9600000
converted 26 bam entries in chrX_fixedBionanoSV_centromereV4_racon_patch139_arrow_arrow:9600001-9700000
converted 30 bam entries in chrX_fixedBionanoSV_centromereV4_racon_patch139_arrow_arrow:9700001-9800000
converted 34 bam entries in chrX_fixedBionanoSV_centromereV4_racon_patch139_arrow_arrow:9800001-9900000
converted 34 bam entries in chrX_fixedBionanoSV_centromereV4_racon_patch139_arrow_arrow:9900001-10000000
converted 35 bam entries in chrX_fixedBionanoSV_centromereV4_racon_patch139_arrow_arrow:10000001-10100000
converted 29 bam entries in chrX_fixedBionanoSV_centromereV4_racon_patch139_arrow_arrow:10100001-10200000
converted 32 bam entries in chrX_fixedBionanoSV_centromereV4_racon_patch139_arrow_arrow:10200001-10300000
converted 32 bam entries in chrX_fixedBionanoSV_centromereV4_racon_patch139_arrow_arrow:10300001-10400000
converted 35 bam entries in chrX_fixedBionanoSV_centromereV4_racon_patch139_arrow_arrow:10400001-10500000
converted 40 bam entries in chrX_fixedBionanoSV_centromereV4_racon_patch139_arrow_arrow:10500001-10600000
converted 35 bam entries in chrX_fixedBionanoSV_centromereV4_racon_patch139_arrow_arrow:10600001-10700000
converted 30 bam entries in chrX_fixedBionanoSV_centromereV4_racon_patch139_arrow_arrow:10700001-10800000
converted 33 bam entries in chrX_fixedBionanoSV_centromereV4_racon_patch139_arrow_arrow:10800001-10900000
converted 38 bam entries in chrX_fixedBionanoSV_centromereV4_racon_patch139_arrow_arrow:10900001-11000000
converted 31 bam entries in chrX_fixedBionanoSV_centromereV4_racon_patch139_arrow_arrow:11000001-11100000
converted 33 bam entries in chrX_fixedBionanoSV_centromereV4_racon_patch139_arrow_arrow:11100001-11200000
converted 44 bam entries in chrX_fixedBionanoSV_centromereV4_racon_patch139_arrow_arrow:11200001-11300000
converted 34 bam entries in chrX_fixedBionanoSV_centromereV4_racon_patch139_arrow_arrow:11300001-11400000
converted 25 bam entries in chrX_fixedBionanoSV_centromereV4_racon_patch139_arrow_arrow:11400001-11500000
converted 32 bam entries in chrX_fixedBionanoSV_centromereV4_racon_patch139_arrow_arrow:11500001-11600000
converted 34 bam entries in chrX_fixedBionanoSV_centromereV4_racon_patch139_arrow_arrow:11600001-11700000
converted 33 bam entries in chrX_fixedBionanoSV_centromereV4_racon_patch139_arrow_arrow:11700001-11800000
converted 33 bam entries in chrX_fixedBionanoSV_centromereV4_racon_patch139_arrow_arrow:11800001-11900000
converted 42 bam entries in chrX_fixedBionanoSV_centromereV4_racon_patch139_arrow_arrow:11900001-12000000
converted 29 bam entries in chrX_fixedBionanoSV_centromereV4_racon_patch139_arrow_arrow:12000001-12100000
converted 32 bam entries in chrX_fixedBionanoSV_centromereV4_racon_patch139_arrow_arrow:12100001-12200000
converted 36 bam entries in chrX_fixedBionanoSV_centromereV4_racon_patch139_arrow_arrow:12200001-12300000
converted 30 bam entries in chrX_fixedBionanoSV_centromereV4_racon_patch139_arrow_arrow:12300001-12400000
converted 22 bam entries in chrX_fixedBionanoSV_centromereV4_racon_patch139_arrow_arrow:12400001-12500000
converted 25 bam entries in chrX_fixedBionanoSV_centromereV4_racon_patch139_arrow_arrow:12500001-12600000
converted 24 bam entries in chrX_fixedBionanoSV_centromereV4_racon_patch139_arrow_arrow:12600001-12700000
converted 36 bam entries in chrX_fixedBionanoSV_centromereV4_racon_patch139_arrow_arrow:12700001-12800000
converted 36 bam entries in chrX_fixedBionanoSV_centromereV4_racon_patch139_arrow_arrow:12800001-12900000
converted 35 bam entries in chrX_fixedBionanoSV_centromereV4_racon_patch139_arrow_arrow:12900001-13000000
converted 36 bam entries in chrX_fixedBionanoSV_centromereV4_racon_patch139_arrow_arrow:13000001-13100000
converted 31 bam entries in chrX_fixedBionanoSV_centromereV4_racon_patch139_arrow_arrow:13100001-13200000
converted 25 bam entries in chrX_fixedBionanoSV_centromereV4_racon_patch139_arrow_arrow:13200001-13300000
converted 32 bam entries in chrX_fixedBionanoSV_centromereV4_racon_patch139_arrow_arrow:13300001-13400000
converted 34 bam entries in chrX_fixedBionanoSV_centromereV4_racon_patch139_arrow_arrow:13400001-13500000
converted 30 bam entries in chrX_fixedBionanoSV_centromereV4_racon_patch139_arrow_arrow:13500001-13600000
converted 39 bam entries in chrX_fixedBionanoSV_centromereV4_racon_patch139_arrow_arrow:13600001-13700000
converted 36 bam entries in chrX_fixedBionanoSV_centromereV4_racon_patch139_arrow_arrow:13700001-13800000
converted 27 bam entries in chrX_fixedBionanoSV_centromereV4_racon_patch139_arrow_arrow:13800001-13900000
converted 28 bam entries in chrX_fixedBionanoSV_centromereV4_racon_patch139_arrow_arrow:13900001-14000000
converted 40 bam entries in chrX_fixedBionanoSV_centromereV4_racon_patch139_arrow_arrow:14000001-14100000
converted 50 bam entries in chrX_fixedBionanoSV_centromereV4_racon_patch139_arrow_arrow:14100001-14200000
converted 34 bam entries in chrX_fixedBionanoSV_centromereV4_racon_patch139_arrow_arrow:14200001-14300000
converted 36 bam entries in chrX_fixedBionanoSV_centromereV4_racon_patch139_arrow_arrow:14300001-14400000
converted 45 bam entries in chrX_fixedBionanoSV_centromereV4_racon_patch139_arrow_arrow:14400001-14500000
converted 41 bam entries in chrX_fixedBionanoSV_centromereV4_racon_patch139_arrow_arrow:14500001-14600000
converted 40 bam entries in chrX_fixedBionanoSV_centromereV4_racon_patch139_arrow_arrow:14600001-14700000
converted 35 bam entries in chrX_fixedBionanoSV_centromereV4_racon_patch139_arrow_arrow:14700001-14800000
converted 33 bam entries in chrX_fixedBionanoSV_centromereV4_racon_patch139_arrow_arrow:14800001-14900000
converted 25 bam entries in chrX_fixedBionanoSV_centromereV4_racon_patch139_arrow_arrow:14900001-15000000
converted 34 bam entries in chrX_fixedBionanoSV_centromereV4_racon_patch139_arrow_arrow:15000001-15100000
converted 30 bam entries in chrX_fixedBionanoSV_centromereV4_racon_patch139_arrow_arrow:15100001-15200000
converted 22 bam entries in chrX_fixedBionanoSV_centromereV4_racon_patch139_arrow_arrow:15200001-15300000
converted 38 bam entries in chrX_fixedBionanoSV_centromereV4_racon_patch139_arrow_arrow:15300001-15400000
converted 35 bam entries in chrX_fixedBionanoSV_centromereV4_racon_patch139_arrow_arrow:15400001-15500000
converted 25 bam entries in chrX_fixedBionanoSV_centromereV4_racon_patch139_arrow_arrow:15500001-15600000
converted 23 bam entries in chrX_fixedBionanoSV_centromereV4_racon_patch139_arrow_arrow:15600001-15700000
converted 28 bam entries in chrX_fixedBionanoSV_centromereV4_racon_patch139_arrow_arrow:15700001-15800000
converted 20 bam entries in chrX_fixedBionanoSV_centromereV4_racon_patch139_arrow_arrow:15800001-15900000
converted 27 bam entries in chrX_fixedBionanoSV_centromereV4_racon_patch139_arrow_arrow:15900001-16000000
converted 37 bam entries in chrX_fixedBionanoSV_centromereV4_racon_patch139_arrow_arrow:16000001-16100000
converted 35 bam entries in chrX_fixedBionanoSV_centromereV4_racon_patch139_arrow_arrow:16100001-16200000
converted 20 bam entries in chrX_fixedBionanoSV_centromereV4_racon_patch139_arrow_arrow:16200001-16300000
converted 17 bam entries in chrX_fixedBionanoSV_centromereV4_racon_patch139_arrow_arrow:16300001-16400000
converted 21 bam entries in chrX_fixedBionanoSV_centromereV4_racon_patch139_arrow_arrow:16400001-16500000
converted 25 bam entries in chrX_fixedBionanoSV_centromereV4_racon_patch139_arrow_arrow:16500001-16600000
converted 28 bam entries in chrX_fixedBionanoSV_centromereV4_racon_patch139_arrow_arrow:16600001-16700000
converted 31 bam entries in chrX_fixedBionanoSV_centromereV4_racon_patch139_arrow_arrow:16700001-16800000
converted 25 bam entries in chrX_fixedBionanoSV_centromereV4_racon_patch139_arrow_arrow:16800001-16900000
converted 27 bam entries in chrX_fixedBionanoSV_centromereV4_racon_patch139_arrow_arrow:16900001-17000000
converted 24 bam entries in chrX_fixedBionanoSV_centromereV4_racon_patch139_arrow_arrow:17000001-17100000
converted 22 bam entries in chrX_fixedBionanoSV_centromereV4_racon_patch139_arrow_arrow:17100001-17200000
converted 30 bam entries in chrX_fixedBionanoSV_centromereV4_racon_patch139_arrow_arrow:17200001-17300000
converted 26 bam entries in chrX_fixedBionanoSV_centromereV4_racon_patch139_arrow_arrow:17300001-17400000
converted 28 bam entries in chrX_fixedBionanoSV_centromereV4_racon_patch139_arrow_arrow:17400001-17500000
converted 30 bam entries in chrX_fixedBionanoSV_centromereV4_racon_patch139_arrow_arrow:17500001-17600000
converted 28 bam entries in chrX_fixedBionanoSV_centromereV4_racon_patch139_arrow_arrow:17600001-17700000
converted 27 bam entries in chrX_fixedBionanoSV_centromereV4_racon_patch139_arrow_arrow:17700001-17800000
converted 25 bam entries in chrX_fixedBionanoSV_centromereV4_racon_patch139_arrow_arrow:17800001-17900000
converted 26 bam entries in chrX_fixedBionanoSV_centromereV4_racon_patch139_arrow_arrow:17900001-18000000
converted 35 bam entries in chrX_fixedBionanoSV_centromereV4_racon_patch139_arrow_arrow:18000001-18100000
converted 32 bam entries in chrX_fixedBionanoSV_centromereV4_racon_patch139_arrow_arrow:18100001-18200000
converted 35 bam entries in chrX_fixedBionanoSV_centromereV4_racon_patch139_arrow_arrow:18200001-18300000
converted 31 bam entries in chrX_fixedBionanoSV_centromereV4_racon_patch139_arrow_arrow:18300001-18400000
converted 20 bam entries in chrX_fixedBionanoSV_centromereV4_racon_patch139_arrow_arrow:18400001-18500000
converted 30 bam entries in chrX_fixedBionanoSV_centromereV4_racon_patch139_arrow_arrow:18500001-18600000
Process ForkPoolWorker-2:
Traceback (most recent call last):
  File "/home/gmoney/miniconda3/lib/python3.7/multiprocessing/process.py", line 297, in _bootstrap
    self.run()
  File "/home/gmoney/miniconda3/lib/python3.7/multiprocessing/process.py", line 99, in run
    self._target(*self._args, **self._kwargs)
  File "/home/gmoney/miniconda3/lib/python3.7/multiprocessing/pool.py", line 121, in worker
    result = (True, func(*args, **kwds))
  File "/home/gmoney/repos/nanopore-methylation-utilities/convert_bam_for_methylation.py", line 231, in convertBam
    changed,convertedbam = cfunc(newbam,cpg,gpc)
  File "/home/gmoney/repos/nanopore-methylation-utilities/convert_bam_for_methylation.py", line 136, in convert_cpg
    return change_sequence(bam,cpg,"cpg")
  File "/home/gmoney/repos/nanopore-methylation-utilities/convert_bam_for_methylation.py", line 182, in change_sequence
    seq = np.array(list(bam.query_sequence.replace("CG",dinuc)))
KeyboardInterrupt
Process ForkPoolWorker-3:
Traceback (most recent call last):
  File "/home/gmoney/miniconda3/lib/python3.7/multiprocessing/process.py", line 297, in _bootstrap
    self.run()
  File "/home/gmoney/miniconda3/lib/python3.7/multiprocessing/process.py", line 99, in run
    self._target(*self._args, **self._kwargs)
  File "/home/gmoney/miniconda3/lib/python3.7/multiprocessing/pool.py", line 110, in worker
    task = get()
  File "/home/gmoney/miniconda3/lib/python3.7/multiprocessing/queues.py", line 352, in get
    res = self._reader.recv_bytes()
  File "/home/gmoney/miniconda3/lib/python3.7/multiprocessing/connection.py", line 216, in recv_bytes
    buf = self._recv_bytes(maxlength)
  File "/home/gmoney/miniconda3/lib/python3.7/multiprocessing/connection.py", line 411, in _recv_bytes
    return self._recv(size)
  File "/home/gmoney/miniconda3/lib/python3.7/multiprocessing/connection.py", line 379, in _recv
    chunk = read(handle, remaining)
KeyboardInterrupt
Traceback (most recent call last):
  File "/home/gmoney/repos/nanopore-methylation-utilities/convert_bam_for_methylation.py", line 286, in <module>
    main()
  File "/home/gmoney/repos/nanopore-methylation-utilities/convert_bam_for_methylation.py", line 269, in main
    seq = fasta.fetch(reference=chrom).upper()
KeyboardInterrupt
Error in atexit._run_exitfuncs:
Traceback (most recent call last):
  File "/home/gmoney/miniconda3/lib/python3.7/multiprocessing/util.py", line 265, in _run_finalizers
    finalizer()
  File "/home/gmoney/miniconda3/lib/python3.7/multiprocessing/util.py", line 189, in __call__
    res = self._callback(*self._args, **self._kwargs)
  File "/home/gmoney/miniconda3/lib/python3.7/multiprocessing/pool.py", line 581, in _terminate_pool
    cls._help_stuff_finish(inqueue, task_handler, len(pool))
  File "/home/gmoney/miniconda3/lib/python3.7/multiprocessing/pool.py", line 566, in _help_stuff_finish
    inqueue._rlock.acquire()
KeyboardInterrupt
[E::hts_open_format] Failed to open file "/kyber/Data/Nanopore/Analysis/gmoney/CHM13/v6_assembly/meth_call/chm13_v0.6.nanopolish2.arrow2_10x2.chrX_meth_sorted.bam" : No such file or directory
samtools index: failed to open "/kyber/Data/Nanopore/Analysis/gmoney/CHM13/v6_assembly/meth_call/chm13_v0.6.nanopolish2.arrow2_10x2.chrX_meth_sorted.bam": No such file or directory
